2025-06-09T10:31:00.608+0330 [INFO]  Terraform version: 1.8.4
2025-06-09T10:31:00.608+0330 [INFO]  Go runtime version: go1.22.1
2025-06-09T10:31:00.608+0330 [INFO]  CLI args: []string{"terraform", "apply", "--auto-approve"}
2025-06-09T10:31:00.609+0330 [INFO]  CLI command args: []string{"apply", "--auto-approve"}
2025-06-09T10:31:00.704+0330 [INFO]  backend/local: starting Apply operation
2025-06-09T10:31:00.705+0330 [INFO]  provider: configuring client automatic mTLS
2025-06-09T10:31:00.734+0330 [INFO]  provider.terraform-provider-vsphere_v2.8.1_x5: configuring server automatic mTLS: timestamp="2025-06-09T10:31:00.734+0330"
2025-06-09T10:31:00.790+0330 [INFO]  provider: configuring client automatic mTLS
2025-06-09T10:31:00.803+0330 [INFO]  provider.terraform-provider-vsphere_v2.8.1_x5: configuring server automatic mTLS: timestamp="2025-06-09T10:31:00.803+0330"
2025-06-09T10:31:00.842+0330 [INFO]  backend/local: apply calling Plan
2025-06-09T10:31:00.845+0330 [INFO]  provider: configuring client automatic mTLS
2025-06-09T10:31:00.859+0330 [INFO]  provider.terraform-provider-vsphere_v2.8.1_x5: configuring server automatic mTLS: timestamp="2025-06-09T10:31:00.859+0330"
2025-06-09T10:31:00.898+0330 [INFO]  provider.terraform-provider-vsphere_v2.8.1_x5: 2025/06/09 10:31:00 [DEBUG] Cached SOAP client session data not valid or persistence not enabled, new session necessary: timestamp="2025-06-09T10:31:00.898+0330"
2025-06-09T10:31:00.898+0330 [INFO]  provider.terraform-provider-vsphere_v2.8.1_x5: 2025/06/09 10:31:00 [DEBUG] Creating new SOAP API session on endpoint 192.168.1.100: timestamp="2025-06-09T10:31:00.898+0330"
2025-06-09T10:31:00.973+0330 [INFO]  provider.terraform-provider-vsphere_v2.8.1_x5: 2025/06/09 10:31:00 [DEBUG] SOAP API session creation successful: timestamp="2025-06-09T10:31:00.973+0330"
2025-06-09T10:31:00.973+0330 [INFO]  provider.terraform-provider-vsphere_v2.8.1_x5: 2025/06/09 10:31:00 [DEBUG] VMWare vSphere Client configured for URL: 192.168.1.100: timestamp="2025-06-09T10:31:00.973+0330"
2025-06-09T10:31:00.973+0330 [INFO]  provider.terraform-provider-vsphere_v2.8.1_x5: 2025/06/09 10:31:00 [DEBUG] Setting up REST client: timestamp="2025-06-09T10:31:00.973+0330"
2025-06-09T10:31:01.105+0330 [INFO]  provider.terraform-provider-vsphere_v2.8.1_x5: 2025/06/09 10:31:01 [DEBUG] CIS REST client configuration successful: timestamp="2025-06-09T10:31:01.105+0330"
2025-06-09T10:31:01.127+0330 [INFO]  provider.terraform-provider-vsphere_v2.8.1_x5: 2025/06/09 10:31:01 [DEBUG] Looking for cluster "Cluster-01" in datacenter "/DC-1": timestamp="2025-06-09T10:31:01.126+0330"
2025-06-09T10:31:01.127+0330 [INFO]  provider.terraform-provider-vsphere_v2.8.1_x5: 2025/06/09 10:31:01 [DEBUG] Attempting to locate compute cluster "Cluster-01" in datacenter "/DC-1": timestamp="2025-06-09T10:31:01.127+0330"
2025-06-09T10:31:01.178+0330 [INFO]  provider.terraform-provider-vsphere_v2.8.1_x5: 2025/06/09 10:31:01 [DEBUG] vsphere_virtual_machine (ID = <new resource>): Performing diff customization and validation: timestamp="2025-06-09T10:31:01.178+0330"
2025-06-09T10:31:01.179+0330 [INFO]  provider.terraform-provider-vsphere_v2.8.1_x5: 2025/06/09 10:31:01 [DEBUG] NetworkInterfaceDiffOperation: Beginning diff validation: timestamp="2025-06-09T10:31:01.179+0330"
2025-06-09T10:31:01.179+0330 [INFO]  provider.terraform-provider-vsphere_v2.8.1_x5: 2025/06/09 10:31:01 [DEBUG] network_interface.0 (key 0 at <new device>): Beginning diff validation: timestamp="2025-06-09T10:31:01.179+0330"
2025-06-09T10:31:01.179+0330 [INFO]  provider.terraform-provider-vsphere_v2.8.1_x5: 2025/06/09 10:31:01 [DEBUG] network_interface.0 (key 0 at <new device>): Diff validation complete: timestamp="2025-06-09T10:31:01.179+0330"
2025-06-09T10:31:01.179+0330 [INFO]  provider.terraform-provider-vsphere_v2.8.1_x5: 2025/06/09 10:31:01 [DEBUG] NetworkInterfaceDiffOperation: Diff validation complete: timestamp="2025-06-09T10:31:01.179+0330"
2025-06-09T10:31:01.179+0330 [INFO]  provider.terraform-provider-vsphere_v2.8.1_x5: 2025/06/09 10:31:01 [DEBUG] vsphere_virtual_machine (ID = <new resource>): resource_pool_id modified without change to host_system_id, marking as computed: timestamp="2025-06-09T10:31:01.179+0330"
2025-06-09T10:31:01.179+0330 [INFO]  provider.terraform-provider-vsphere_v2.8.1_x5: 2025/06/09 10:31:01 [DEBUG] DiskDiffOperation: Beginning disk diff customization: timestamp="2025-06-09T10:31:01.179+0330"
2025-06-09T10:31:01.179+0330 [INFO]  provider.terraform-provider-vsphere_v2.8.1_x5: 2025/06/09 10:31:01 [DEBUG] DiskDiffOperation: Beginning collective diff validation (indexes aligned to new config): timestamp="2025-06-09T10:31:01.179+0330"
2025-06-09T10:31:01.179+0330 [INFO]  provider.terraform-provider-vsphere_v2.8.1_x5: 2025/06/09 10:31:01 [DEBUG] disk.0 (key 0 at <new device>) (<unknown>): Beginning diff validation: timestamp="2025-06-09T10:31:01.179+0330"
2025-06-09T10:31:01.179+0330 [INFO]  provider.terraform-provider-vsphere_v2.8.1_x5: 2025/06/09 10:31:01 [DEBUG] disk.0 (key 0 at <new device>) (<unknown>): Diff validation complete: timestamp="2025-06-09T10:31:01.179+0330"
2025-06-09T10:31:01.179+0330 [INFO]  provider.terraform-provider-vsphere_v2.8.1_x5: 2025/06/09 10:31:01 [DEBUG] DiskDiffOperation: Beginning diff validation and normalization (indexes aligned to old state): timestamp="2025-06-09T10:31:01.179+0330"
2025-06-09T10:31:01.179+0330 [INFO]  provider.terraform-provider-vsphere_v2.8.1_x5: 2025/06/09 10:31:01 [DEBUG] DiskDiffOperation: New resource set post-normalization: (key 0 at <new device>): timestamp="2025-06-09T10:31:01.179+0330"
2025-06-09T10:31:01.179+0330 [INFO]  provider.terraform-provider-vsphere_v2.8.1_x5: 2025/06/09 10:31:01 [DEBUG] DiskDiffOperation: Disk diff customization complete, sending new diff: timestamp="2025-06-09T10:31:01.179+0330"
2025-06-09T10:31:01.179+0330 [INFO]  provider.terraform-provider-vsphere_v2.8.1_x5: 2025/06/09 10:31:01 [DEBUG] VAppDiffOperation: Verifying configuration meets requirements for vApp transport: timestamp="2025-06-09T10:31:01.179+0330"
2025-06-09T10:31:01.179+0330 [INFO]  provider.terraform-provider-vsphere_v2.8.1_x5: 2025/06/09 10:31:01 [DEBUG] VAppDiffOperation: ISO transport is not supported on this virtual machine or multiple transport options exist: timestamp="2025-06-09T10:31:01.179+0330"
2025-06-09T10:31:01.179+0330 [INFO]  provider.terraform-provider-vsphere_v2.8.1_x5: 2025/06/09 10:31:01 [DEBUG] vsphere_virtual_machine (ID = <new resource>): Diff customization and validation complete: timestamp="2025-06-09T10:31:01.179+0330"
2025-06-09T10:31:01.199+0330 [INFO]  backend/local: apply calling Apply
2025-06-09T10:31:01.203+0330 [INFO]  provider: configuring client automatic mTLS
2025-06-09T10:31:01.222+0330 [INFO]  provider.terraform-provider-vsphere_v2.8.1_x5: configuring server automatic mTLS: timestamp="2025-06-09T10:31:01.222+0330"
2025-06-09T10:31:01.259+0330 [INFO]  provider.terraform-provider-vsphere_v2.8.1_x5: 2025/06/09 10:31:01 [DEBUG] Cached SOAP client session data not valid or persistence not enabled, new session necessary: timestamp="2025-06-09T10:31:01.259+0330"
2025-06-09T10:31:01.259+0330 [INFO]  provider.terraform-provider-vsphere_v2.8.1_x5: 2025/06/09 10:31:01 [DEBUG] Creating new SOAP API session on endpoint 192.168.1.100: timestamp="2025-06-09T10:31:01.259+0330"
2025-06-09T10:31:01.301+0330 [INFO]  provider.terraform-provider-vsphere_v2.8.1_x5: 2025/06/09 10:31:01 [DEBUG] SOAP API session creation successful: timestamp="2025-06-09T10:31:01.301+0330"
2025-06-09T10:31:01.301+0330 [INFO]  provider.terraform-provider-vsphere_v2.8.1_x5: 2025/06/09 10:31:01 [DEBUG] VMWare vSphere Client configured for URL: 192.168.1.100: timestamp="2025-06-09T10:31:01.301+0330"
2025-06-09T10:31:01.301+0330 [INFO]  provider.terraform-provider-vsphere_v2.8.1_x5: 2025/06/09 10:31:01 [DEBUG] Setting up REST client: timestamp="2025-06-09T10:31:01.301+0330"
2025-06-09T10:31:01.434+0330 [INFO]  provider.terraform-provider-vsphere_v2.8.1_x5: 2025/06/09 10:31:01 [DEBUG] CIS REST client configuration successful: timestamp="2025-06-09T10:31:01.434+0330"
2025-06-09T10:31:01.463+0330 [INFO]  provider.terraform-provider-vsphere_v2.8.1_x5: 2025/06/09 10:31:01 [DEBUG] vsphere_virtual_machine (ID = <new resource>): Performing diff customization and validation: timestamp="2025-06-09T10:31:01.463+0330"
2025-06-09T10:31:01.463+0330 [INFO]  provider.terraform-provider-vsphere_v2.8.1_x5: 2025/06/09 10:31:01 [DEBUG] NetworkInterfaceDiffOperation: Beginning diff validation: timestamp="2025-06-09T10:31:01.463+0330"
2025-06-09T10:31:01.463+0330 [INFO]  provider.terraform-provider-vsphere_v2.8.1_x5: 2025/06/09 10:31:01 [DEBUG] network_interface.0 (key 0 at <new device>): Beginning diff validation: timestamp="2025-06-09T10:31:01.463+0330"
2025-06-09T10:31:01.463+0330 [INFO]  provider.terraform-provider-vsphere_v2.8.1_x5: 2025/06/09 10:31:01 [DEBUG] network_interface.0 (key 0 at <new device>): Diff validation complete: timestamp="2025-06-09T10:31:01.463+0330"
2025-06-09T10:31:01.463+0330 [INFO]  provider.terraform-provider-vsphere_v2.8.1_x5: 2025/06/09 10:31:01 [DEBUG] NetworkInterfaceDiffOperation: Diff validation complete: timestamp="2025-06-09T10:31:01.463+0330"
2025-06-09T10:31:01.463+0330 [INFO]  provider.terraform-provider-vsphere_v2.8.1_x5: 2025/06/09 10:31:01 [DEBUG] vsphere_virtual_machine (ID = <new resource>): resource_pool_id modified without change to host_system_id, marking as computed: timestamp="2025-06-09T10:31:01.463+0330"
2025-06-09T10:31:01.463+0330 [INFO]  provider.terraform-provider-vsphere_v2.8.1_x5: 2025/06/09 10:31:01 [DEBUG] DiskDiffOperation: Beginning disk diff customization: timestamp="2025-06-09T10:31:01.463+0330"
2025-06-09T10:31:01.463+0330 [INFO]  provider.terraform-provider-vsphere_v2.8.1_x5: 2025/06/09 10:31:01 [DEBUG] DiskDiffOperation: Beginning collective diff validation (indexes aligned to new config): timestamp="2025-06-09T10:31:01.463+0330"
2025-06-09T10:31:01.464+0330 [INFO]  provider.terraform-provider-vsphere_v2.8.1_x5: 2025/06/09 10:31:01 [DEBUG] disk.0 (key 0 at <new device>) (<unknown>): Beginning diff validation: timestamp="2025-06-09T10:31:01.463+0330"
2025-06-09T10:31:01.464+0330 [INFO]  provider.terraform-provider-vsphere_v2.8.1_x5: 2025/06/09 10:31:01 [DEBUG] disk.0 (key 0 at <new device>) (<unknown>): Diff validation complete: timestamp="2025-06-09T10:31:01.464+0330"
2025-06-09T10:31:01.464+0330 [INFO]  provider.terraform-provider-vsphere_v2.8.1_x5: 2025/06/09 10:31:01 [DEBUG] DiskDiffOperation: Beginning diff validation and normalization (indexes aligned to old state): timestamp="2025-06-09T10:31:01.464+0330"
2025-06-09T10:31:01.464+0330 [INFO]  provider.terraform-provider-vsphere_v2.8.1_x5: 2025/06/09 10:31:01 [DEBUG] DiskDiffOperation: New resource set post-normalization: (key 0 at <new device>): timestamp="2025-06-09T10:31:01.464+0330"
2025-06-09T10:31:01.464+0330 [INFO]  provider.terraform-provider-vsphere_v2.8.1_x5: 2025/06/09 10:31:01 [DEBUG] DiskDiffOperation: Disk diff customization complete, sending new diff: timestamp="2025-06-09T10:31:01.464+0330"
2025-06-09T10:31:01.464+0330 [INFO]  provider.terraform-provider-vsphere_v2.8.1_x5: 2025/06/09 10:31:01 [DEBUG] VAppDiffOperation: Verifying configuration meets requirements for vApp transport: timestamp="2025-06-09T10:31:01.464+0330"
2025-06-09T10:31:01.464+0330 [INFO]  provider.terraform-provider-vsphere_v2.8.1_x5: 2025/06/09 10:31:01 [DEBUG] VAppDiffOperation: ISO transport is not supported on this virtual machine or multiple transport options exist: timestamp="2025-06-09T10:31:01.464+0330"
2025-06-09T10:31:01.464+0330 [INFO]  provider.terraform-provider-vsphere_v2.8.1_x5: 2025/06/09 10:31:01 [DEBUG] vsphere_virtual_machine (ID = <new resource>): Diff customization and validation complete: timestamp="2025-06-09T10:31:01.464+0330"
2025-06-09T10:31:01.467+0330 [INFO]  Starting apply for module.saleh_vm.vsphere_virtual_machine.saleh_vm
2025-06-09T10:31:01.470+0330 [INFO]  provider.terraform-provider-vsphere_v2.8.1_x5: 2025/06/09 10:31:01 [DEBUG] setting computed for "vapp_transport" from ComputedKeys: timestamp="2025-06-09T10:31:01.469+0330"
2025-06-09T10:31:01.470+0330 [INFO]  provider.terraform-provider-vsphere_v2.8.1_x5: 2025/06/09 10:31:01 [DEBUG] setting computed for "guest_ip_addresses" from ComputedKeys: timestamp="2025-06-09T10:31:01.470+0330"
2025-06-09T10:31:01.470+0330 [INFO]  provider.terraform-provider-vsphere_v2.8.1_x5: 2025/06/09 10:31:01 [DEBUG] vsphere_virtual_machine (ID = <new resource>): Beginning create: timestamp="2025-06-09T10:31:01.470+0330"
2025-06-09T10:31:01.470+0330 [INFO]  provider.terraform-provider-vsphere_v2.8.1_x5: 2025/06/09 10:31:01 [DEBUG] tagsClientIfDefined: No tags configured, skipping loading of tagging client: timestamp="2025-06-09T10:31:01.470+0330"
2025-06-09T10:31:01.470+0330 [INFO]  provider.terraform-provider-vsphere_v2.8.1_x5: 2025/06/09 10:31:01 [DEBUG] vsphere_virtual_machine (ID = <new resource>): VM being created from scratch: timestamp="2025-06-09T10:31:01.470+0330"
2025-06-09T10:31:01.470+0330 [INFO]  provider.terraform-provider-vsphere_v2.8.1_x5: 2025/06/09 10:31:01 [DEBUG] Locating resource pool with ID resgroup-1020: timestamp="2025-06-09T10:31:01.470+0330"
2025-06-09T10:31:01.475+0330 [INFO]  provider.terraform-provider-vsphere_v2.8.1_x5: 2025/06/09 10:31:01 [DEBUG] Resource pool found: resgroup-1020: timestamp="2025-06-09T10:31:01.475+0330"
2025-06-09T10:31:01.475+0330 [INFO]  provider.terraform-provider-vsphere_v2.8.1_x5: 2025/06/09 10:31:01 [DEBUG] Locating folder at path "" relative to virtual machine root: timestamp="2025-06-09T10:31:01.475+0330"
2025-06-09T10:31:01.491+0330 [INFO]  provider.terraform-provider-vsphere_v2.8.1_x5: 2025/06/09 10:31:01 [DEBUG] Folder located: "/DC-1/vm": timestamp="2025-06-09T10:31:01.491+0330"
2025-06-09T10:31:01.491+0330 [INFO]  provider.terraform-provider-vsphere_v2.8.1_x5: 2025/06/09 10:31:01 [DEBUG] ValidateHost: no host supplied, nothing to do: timestamp="2025-06-09T10:31:01.491+0330"
2025-06-09T10:31:01.491+0330 [INFO]  provider.terraform-provider-vsphere_v2.8.1_x5: 2025/06/09 10:31:01 [DEBUG] vsphere_virtual_machine (ID = <new resource>): Building config spec: timestamp="2025-06-09T10:31:01.491+0330"
2025-06-09T10:31:01.491+0330 [INFO]  provider.terraform-provider-vsphere_v2.8.1_x5: 2025/06/09 10:31:01 [DEBUG] vsphere_virtual_machine (ID = <new resource>): Resource argument "guest_id" requires a VM restart: timestamp="2025-06-09T10:31:01.491+0330"
2025-06-09T10:31:01.491+0330 [INFO]  provider.terraform-provider-vsphere_v2.8.1_x5: 2025/06/09 10:31:01 [DEBUG] vsphere_virtual_machine (ID = <new resource>): Resource argument "tools_upgrade_policy" requires a VM restart: timestamp="2025-06-09T10:31:01.491+0330"
2025-06-09T10:31:01.491+0330 [INFO]  provider.terraform-provider-vsphere_v2.8.1_x5: 2025/06/09 10:31:01 [DEBUG] vsphere_virtual_machine (ID = <new resource>): Resource argument "hv_mode" requires a VM restart: timestamp="2025-06-09T10:31:01.491+0330"
2025-06-09T10:31:01.491+0330 [INFO]  provider.terraform-provider-vsphere_v2.8.1_x5: 2025/06/09 10:31:01 [DEBUG] vsphere_virtual_machine (ID = <new resource>): Resource argument "ept_rvi_mode" requires a VM restart: timestamp="2025-06-09T10:31:01.491+0330"
2025-06-09T10:31:01.491+0330 [INFO]  provider.terraform-provider-vsphere_v2.8.1_x5: 2025/06/09 10:31:01 [DEBUG] vsphere_virtual_machine (ID = <new resource>): CPU operation requires a VM restart: timestamp="2025-06-09T10:31:01.491+0330"
2025-06-09T10:31:01.492+0330 [INFO]  provider.terraform-provider-vsphere_v2.8.1_x5: 2025/06/09 10:31:01 [DEBUG] vsphere_virtual_machine (ID = <new resource>): Resource argument "num_cores_per_socket" requires a VM restart: timestamp="2025-06-09T10:31:01.491+0330"
2025-06-09T10:31:01.492+0330 [INFO]  provider.terraform-provider-vsphere_v2.8.1_x5: 2025/06/09 10:31:01 [DEBUG] vsphere_virtual_machine (ID = <new resource>): Memory operation requires a VM restart: timestamp="2025-06-09T10:31:01.491+0330"
2025-06-09T10:31:01.492+0330 [INFO]  provider.terraform-provider-vsphere_v2.8.1_x5: 2025/06/09 10:31:01 [DEBUG] vsphere_virtual_machine (ID = <new resource>): Resource argument "swap_placement_policy" requires a VM restart: timestamp="2025-06-09T10:31:01.492+0330"
2025-06-09T10:31:01.492+0330 [INFO]  provider.terraform-provider-vsphere_v2.8.1_x5: 2025/06/09 10:31:01 [DEBUG] vsphere_virtual_machine (ID = <new resource>): Resource argument "firmware" requires a VM restart: timestamp="2025-06-09T10:31:01.492+0330"
2025-06-09T10:31:01.492+0330 [INFO]  provider.terraform-provider-vsphere_v2.8.1_x5: 2025/06/09 10:31:01 [DEBUG] Fetching default device list for resource pool "resgroup-1020" for OS type "otherGuest": timestamp="2025-06-09T10:31:01.492+0330"
2025-06-09T10:31:01.501+0330 [INFO]  provider.terraform-provider-vsphere_v2.8.1_x5: 2025/06/09 10:31:01 [DEBUG] Fetching default device list for object reference "domain-c1019" for OS type "otherGuest": timestamp="2025-06-09T10:31:01.501+0330"
2025-06-09T10:31:01.616+0330 [INFO]  provider.terraform-provider-vsphere_v2.8.1_x5: 2025/06/09 10:31:01 [DEBUG] Default devices: ide-200,ide-201,ps2-300,pci-100,sio-400,keyboard-600,pointing-700,video-500,vmci-12000: timestamp="2025-06-09T10:31:01.616+0330"
2025-06-09T10:31:01.617+0330 [INFO]  provider.terraform-provider-vsphere_v2.8.1_x5: 2025/06/09 10:31:01 [DEBUG] NormalizeBus: Normalizing first 1 controllers on SCSI bus to device type pvscsi: timestamp="2025-06-09T10:31:01.616+0330"
2025-06-09T10:31:01.617+0330 [INFO]  provider.terraform-provider-vsphere_v2.8.1_x5: 2025/06/09 10:31:01 [DEBUG] NormalizeBus: Normalizing first 0 controllers on SATA bus: timestamp="2025-06-09T10:31:01.616+0330"
2025-06-09T10:31:01.617+0330 [INFO]  provider.terraform-provider-vsphere_v2.8.1_x5: 2025/06/09 10:31:01 [DEBUG] NormalizeBus: Normalizing first 2 controllers on IDE bus: timestamp="2025-06-09T10:31:01.616+0330"
2025-06-09T10:31:01.617+0330 [INFO]  provider.terraform-provider-vsphere_v2.8.1_x5: 2025/06/09 10:31:01 [DEBUG] NormalizeBus: Current SCSI bus contents: <nil>: timestamp="2025-06-09T10:31:01.616+0330"
2025-06-09T10:31:01.617+0330 [INFO]  provider.terraform-provider-vsphere_v2.8.1_x5: 2025/06/09 10:31:01 [DEBUG] NormalizeBus: Creating SCSI controller of type pvscsi at bus number 0: timestamp="2025-06-09T10:31:01.616+0330"
2025-06-09T10:31:01.617+0330 [INFO]  provider.terraform-provider-vsphere_v2.8.1_x5: 2025/06/09 10:31:01 [DEBUG] applyDeviceChange: Applying changes: (add: *types.ParaVirtualSCSIController at key -201): timestamp="2025-06-09T10:31:01.616+0330"
2025-06-09T10:31:01.617+0330 [INFO]  provider.terraform-provider-vsphere_v2.8.1_x5: 2025/06/09 10:31:01 [DEBUG] applyDeviceChange: Device list before changes: ide-200,ide-201,ps2-300,pci-100,sio-400,keyboard-600,pointing-700,video-500,vmci-12000: timestamp="2025-06-09T10:31:01.616+0330"
2025-06-09T10:31:01.617+0330 [INFO]  provider.terraform-provider-vsphere_v2.8.1_x5: 2025/06/09 10:31:01 [DEBUG] applyDeviceChange: Device list after changes: ide-200,ide-201,ps2-300,pci-100,sio-400,keyboard-600,pointing-700,video-500,vmci-12000,pvscsi--201: timestamp="2025-06-09T10:31:01.616+0330"
2025-06-09T10:31:01.617+0330 [INFO]  provider.terraform-provider-vsphere_v2.8.1_x5: 2025/06/09 10:31:01 [DEBUG] NormalizeBus: Current SATA bus contents:: timestamp="2025-06-09T10:31:01.616+0330"
2025-06-09T10:31:01.617+0330 [INFO]  provider.terraform-provider-vsphere_v2.8.1_x5: 2025/06/09 10:31:01 [DEBUG] NormalizeBus: Current IDE bus contents: device-200,device-201: timestamp="2025-06-09T10:31:01.616+0330"
2025-06-09T10:31:01.617+0330 [INFO]  provider.terraform-provider-vsphere_v2.8.1_x5: 2025/06/09 10:31:01 [DEBUG] NormalizeBus: Outgoing device list: ide-200,ide-201,ps2-300,pci-100,sio-400,keyboard-600,pointing-700,video-500,vmci-12000,pvscsi--201: timestamp="2025-06-09T10:31:01.616+0330"
2025-06-09T10:31:01.617+0330 [INFO]  provider.terraform-provider-vsphere_v2.8.1_x5: 2025/06/09 10:31:01 [DEBUG] NormalizeBus: Outgoing device config spec: (add: *types.ParaVirtualSCSIController at key -201): timestamp="2025-06-09T10:31:01.616+0330"
2025-06-09T10:31:01.617+0330 [INFO]  provider.terraform-provider-vsphere_v2.8.1_x5: 2025/06/09 10:31:01 [DEBUG] vsphere_virtual_machine (ID = <new resource>): SCSI bus has changed and requires a VM restart: timestamp="2025-06-09T10:31:01.616+0330"
2025-06-09T10:31:01.617+0330 [INFO]  provider.terraform-provider-vsphere_v2.8.1_x5: 2025/06/09 10:31:01 [DEBUG] DiskApplyOperation: Beginning apply operation: timestamp="2025-06-09T10:31:01.616+0330"
2025-06-09T10:31:01.617+0330 [INFO]  provider.terraform-provider-vsphere_v2.8.1_x5: 2025/06/09 10:31:01 [DEBUG] DiskApplyOperation: Looking for resources to delete: timestamp="2025-06-09T10:31:01.617+0330"
2025-06-09T10:31:01.617+0330 [INFO]  provider.terraform-provider-vsphere_v2.8.1_x5: 2025/06/09 10:31:01 [DEBUG] DiskApplyOperation: Looking for resources to create or update: timestamp="2025-06-09T10:31:01.617+0330"
2025-06-09T10:31:01.617+0330 [INFO]  provider.terraform-provider-vsphere_v2.8.1_x5: 2025/06/09 10:31:01 [DEBUG] DiskApplyOperation: Resources not being changed:: timestamp="2025-06-09T10:31:01.617+0330"
2025-06-09T10:31:01.617+0330 [INFO]  provider.terraform-provider-vsphere_v2.8.1_x5: 2025/06/09 10:31:01 [DEBUG] disk.0 (key 0 at <new device>) (<unknown>): Creating disk: timestamp="2025-06-09T10:31:01.617+0330"
2025-06-09T10:31:01.617+0330 [INFO]  provider.terraform-provider-vsphere_v2.8.1_x5: 2025/06/09 10:31:01 [DEBUG] Locating datastore with ID "datastore-1025": timestamp="2025-06-09T10:31:01.617+0330"
2025-06-09T10:31:01.621+0330 [INFO]  provider.terraform-provider-vsphere_v2.8.1_x5: 2025/06/09 10:31:01 [DEBUG] Datastore with ID "datastore-1025" found: timestamp="2025-06-09T10:31:01.621+0330"
2025-06-09T10:31:01.621+0330 [INFO]  provider.terraform-provider-vsphere_v2.8.1_x5: 2025/06/09 10:31:01 [DEBUG] ControllerForCreateUpdate: Looking for controller type scsi: timestamp="2025-06-09T10:31:01.621+0330"
2025-06-09T10:31:01.621+0330 [INFO]  provider.terraform-provider-vsphere_v2.8.1_x5: 2025/06/09 10:31:01 [DEBUG] pickController: Looking for scsi controller at bus number 0: timestamp="2025-06-09T10:31:01.621+0330"
2025-06-09T10:31:01.621+0330 [INFO]  provider.terraform-provider-vsphere_v2.8.1_x5: 2025/06/09 10:31:01 [DEBUG] pickSCSIController: Found controller: pvscsi--201: timestamp="2025-06-09T10:31:01.621+0330"
2025-06-09T10:31:01.621+0330 [INFO]  provider.terraform-provider-vsphere_v2.8.1_x5: 2025/06/09 10:31:01 [DEBUG] ControllerForCreateUpdate: Found controller: pvscsi--201: timestamp="2025-06-09T10:31:01.621+0330"
2025-06-09T10:31:01.621+0330 [INFO]  provider.terraform-provider-vsphere_v2.8.1_x5: 2025/06/09 10:31:01 [DEBUG] disk.0 (key -202 at scsi:0:0) (<unknown>): Device config operations from create: (add: *types.VirtualDisk at key -202): timestamp="2025-06-09T10:31:01.621+0330"
2025-06-09T10:31:01.621+0330 [INFO]  provider.terraform-provider-vsphere_v2.8.1_x5: 2025/06/09 10:31:01 [DEBUG] disk.0 (key -202 at scsi:0:0) (<unknown>): Create finished: timestamp="2025-06-09T10:31:01.621+0330"
2025-06-09T10:31:01.621+0330 [INFO]  provider.terraform-provider-vsphere_v2.8.1_x5: 2025/06/09 10:31:01 [DEBUG] applyDeviceChange: Applying changes: (add: *types.VirtualDisk at key -202): timestamp="2025-06-09T10:31:01.621+0330"
2025-06-09T10:31:01.621+0330 [INFO]  provider.terraform-provider-vsphere_v2.8.1_x5: 2025/06/09 10:31:01 [DEBUG] applyDeviceChange: Device list before changes: ide-200,ide-201,ps2-300,pci-100,sio-400,keyboard-600,pointing-700,video-500,vmci-12000,pvscsi--201: timestamp="2025-06-09T10:31:01.621+0330"
2025-06-09T10:31:01.621+0330 [INFO]  provider.terraform-provider-vsphere_v2.8.1_x5: 2025/06/09 10:31:01 [DEBUG] applyDeviceChange: Device list after changes: ide-200,ide-201,ps2-300,pci-100,sio-400,keyboard-600,pointing-700,video-500,vmci-12000,pvscsi--201,disk--201-0: timestamp="2025-06-09T10:31:01.621+0330"
2025-06-09T10:31:01.621+0330 [INFO]  provider.terraform-provider-vsphere_v2.8.1_x5: 2025/06/09 10:31:01 [DEBUG] DiskApplyOperation: Post-apply final resource list: (key -202 at scsi:0:0): timestamp="2025-06-09T10:31:01.621+0330"
2025-06-09T10:31:01.622+0330 [INFO]  provider.terraform-provider-vsphere_v2.8.1_x5: 2025/06/09 10:31:01 [DEBUG] DiskApplyOperation: Device list at end of operation: ide-200,ide-201,ps2-300,pci-100,sio-400,keyboard-600,pointing-700,video-500,vmci-12000,pvscsi--201,disk--201-0: timestamp="2025-06-09T10:31:01.621+0330"
2025-06-09T10:31:01.622+0330 [INFO]  provider.terraform-provider-vsphere_v2.8.1_x5: 2025/06/09 10:31:01 [DEBUG] DiskApplyOperation: Device config operations from apply: (add: *types.VirtualDisk at key -202): timestamp="2025-06-09T10:31:01.621+0330"
2025-06-09T10:31:01.622+0330 [INFO]  provider.terraform-provider-vsphere_v2.8.1_x5: 2025/06/09 10:31:01 [DEBUG] DiskApplyOperation: Apply complete, returning updated spec: timestamp="2025-06-09T10:31:01.621+0330"
2025-06-09T10:31:01.622+0330 [INFO]  provider.terraform-provider-vsphere_v2.8.1_x5: 2025/06/09 10:31:01 [DEBUG] NetworkInterfaceApplyOperation: Beginning apply operation: timestamp="2025-06-09T10:31:01.622+0330"
2025-06-09T10:31:01.622+0330 [INFO]  provider.terraform-provider-vsphere_v2.8.1_x5: 2025/06/09 10:31:01 [DEBUG] NetworkInterfaceApplyOperation: Looking for resources to delete: timestamp="2025-06-09T10:31:01.622+0330"
2025-06-09T10:31:01.622+0330 [INFO]  provider.terraform-provider-vsphere_v2.8.1_x5: 2025/06/09 10:31:01 [DEBUG] NetworkInterfaceApplyOperation: Looking for resources to create or update: timestamp="2025-06-09T10:31:01.622+0330"
2025-06-09T10:31:01.622+0330 [INFO]  provider.terraform-provider-vsphere_v2.8.1_x5: 2025/06/09 10:31:01 [DEBUG] network_interface.0 (key 0 at <new device>): Running create: timestamp="2025-06-09T10:31:01.622+0330"
2025-06-09T10:31:01.622+0330 [INFO]  provider.terraform-provider-vsphere_v2.8.1_x5: 2025/06/09 10:31:01 [DEBUG] ControllerForCreateUpdate: Looking for controller type pci: timestamp="2025-06-09T10:31:01.622+0330"
2025-06-09T10:31:01.622+0330 [INFO]  provider.terraform-provider-vsphere_v2.8.1_x5: 2025/06/09 10:31:01 [DEBUG] pickController: Looking for pci controller at bus number 0: timestamp="2025-06-09T10:31:01.622+0330"
2025-06-09T10:31:01.622+0330 [INFO]  provider.terraform-provider-vsphere_v2.8.1_x5: 2025/06/09 10:31:01 [DEBUG] pickSCSIController: Found controller: pci-100: timestamp="2025-06-09T10:31:01.622+0330"
2025-06-09T10:31:01.622+0330 [INFO]  provider.terraform-provider-vsphere_v2.8.1_x5: 2025/06/09 10:31:01 [DEBUG] ControllerForCreateUpdate: Found controller: pci-100: timestamp="2025-06-09T10:31:01.622+0330"
2025-06-09T10:31:01.642+0330 [INFO]  provider.terraform-provider-vsphere_v2.8.1_x5: 2025/06/09 10:31:01 [DEBUG] network_interface.0 (key -203 at pci:0:-1): Device config operations from create: (add: *types.VirtualVmxnet3 at key -203): timestamp="2025-06-09T10:31:01.642+0330"
2025-06-09T10:31:01.642+0330 [INFO]  provider.terraform-provider-vsphere_v2.8.1_x5: 2025/06/09 10:31:01 [DEBUG] network_interface.0 (key -203 at pci:0:-1): Create finished: timestamp="2025-06-09T10:31:01.642+0330"
2025-06-09T10:31:01.642+0330 [INFO]  provider.terraform-provider-vsphere_v2.8.1_x5: 2025/06/09 10:31:01 [DEBUG] applyDeviceChange: Applying changes: (add: *types.VirtualVmxnet3 at key -203): timestamp="2025-06-09T10:31:01.642+0330"
2025-06-09T10:31:01.642+0330 [INFO]  provider.terraform-provider-vsphere_v2.8.1_x5: 2025/06/09 10:31:01 [DEBUG] applyDeviceChange: Device list before changes: ide-200,ide-201,ps2-300,pci-100,sio-400,keyboard-600,pointing-700,video-500,vmci-12000,pvscsi--201,disk--201-0: timestamp="2025-06-09T10:31:01.642+0330"
2025-06-09T10:31:01.642+0330 [INFO]  provider.terraform-provider-vsphere_v2.8.1_x5: 2025/06/09 10:31:01 [DEBUG] applyDeviceChange: Device list after changes: ide-200,ide-201,ps2-300,pci-100,sio-400,keyboard-600,pointing-700,video-500,vmci-12000,pvscsi--201,disk--201-0,ethernet--7: timestamp="2025-06-09T10:31:01.642+0330"
2025-06-09T10:31:01.642+0330 [INFO]  provider.terraform-provider-vsphere_v2.8.1_x5: 2025/06/09 10:31:01 [DEBUG] NetworkInterfaceApplyOperation: Post-apply final resource list: (key -203 at pci:0:-1): timestamp="2025-06-09T10:31:01.642+0330"
2025-06-09T10:31:01.642+0330 [INFO]  provider.terraform-provider-vsphere_v2.8.1_x5: 2025/06/09 10:31:01 [DEBUG] NetworkInterfaceApplyOperation: Device list at end of operation: ide-200,ide-201,ps2-300,pci-100,sio-400,keyboard-600,pointing-700,video-500,vmci-12000,pvscsi--201,disk--201-0,ethernet--7: timestamp="2025-06-09T10:31:01.642+0330"
2025-06-09T10:31:01.642+0330 [INFO]  provider.terraform-provider-vsphere_v2.8.1_x5: 2025/06/09 10:31:01 [DEBUG] NetworkInterfaceApplyOperation: Device config operations from apply: (add: *types.VirtualVmxnet3 at key -203): timestamp="2025-06-09T10:31:01.642+0330"
2025-06-09T10:31:01.642+0330 [INFO]  provider.terraform-provider-vsphere_v2.8.1_x5: 2025/06/09 10:31:01 [DEBUG] NetworkInterfaceApplyOperation: Apply complete, returning updated spec: timestamp="2025-06-09T10:31:01.642+0330"
2025-06-09T10:31:01.642+0330 [INFO]  provider.terraform-provider-vsphere_v2.8.1_x5: 2025/06/09 10:31:01 [DEBUG] CdromApplyOperation: Beginning apply operation: timestamp="2025-06-09T10:31:01.642+0330"
2025-06-09T10:31:01.643+0330 [INFO]  provider.terraform-provider-vsphere_v2.8.1_x5: 2025/06/09 10:31:01 [DEBUG] CdromApplyOperation: Looking for resources to delete: timestamp="2025-06-09T10:31:01.642+0330"
2025-06-09T10:31:01.643+0330 [INFO]  provider.terraform-provider-vsphere_v2.8.1_x5: 2025/06/09 10:31:01 [DEBUG] CdromApplyOperation: Looking for resources to create or update: timestamp="2025-06-09T10:31:01.642+0330"
2025-06-09T10:31:01.643+0330 [INFO]  provider.terraform-provider-vsphere_v2.8.1_x5: 2025/06/09 10:31:01 [DEBUG] CdromApplyOperation: Post-apply final resource list:: timestamp="2025-06-09T10:31:01.642+0330"
2025-06-09T10:31:01.643+0330 [INFO]  provider.terraform-provider-vsphere_v2.8.1_x5: 2025/06/09 10:31:01 [DEBUG] CdromApplyOperation: Device list at end of operation: ide-200,ide-201,ps2-300,pci-100,sio-400,keyboard-600,pointing-700,video-500,vmci-12000,pvscsi--201,disk--201-0,ethernet--7: timestamp="2025-06-09T10:31:01.643+0330"
2025-06-09T10:31:01.643+0330 [INFO]  provider.terraform-provider-vsphere_v2.8.1_x5: 2025/06/09 10:31:01 [DEBUG] CdromApplyOperation: Device config operations from apply:: timestamp="2025-06-09T10:31:01.643+0330"
2025-06-09T10:31:01.643+0330 [INFO]  provider.terraform-provider-vsphere_v2.8.1_x5: 2025/06/09 10:31:01 [DEBUG] CdromApplyOperation: Apply complete, returning updated spec: timestamp="2025-06-09T10:31:01.643+0330"
2025-06-09T10:31:01.643+0330 [INFO]  provider.terraform-provider-vsphere_v2.8.1_x5: 2025/06/09 10:31:01 [DEBUG] vsphere_virtual_machine (ID = <new resource>): Final device list: ide-200,ide-201,ps2-300,pci-100,sio-400,keyboard-600,pointing-700,video-500,vmci-12000,pvscsi--201,disk--201-0,ethernet--7: timestamp="2025-06-09T10:31:01.643+0330"
2025-06-09T10:31:01.643+0330 [INFO]  provider.terraform-provider-vsphere_v2.8.1_x5: 2025/06/09 10:31:01 [DEBUG] vsphere_virtual_machine (ID = <new resource>): Final device change spec: (add: *types.ParaVirtualSCSIController at key -201),(add: *types.VirtualDisk at key -202),(add: *types.VirtualVmxnet3 at key -203): timestamp="2025-06-09T10:31:01.643+0330"
2025-06-09T10:31:01.643+0330 [INFO]  provider.terraform-provider-vsphere_v2.8.1_x5: 2025/06/09 10:31:01 [DEBUG] Locating datastore with ID "datastore-1025": timestamp="2025-06-09T10:31:01.643+0330"
2025-06-09T10:31:01.647+0330 [INFO]  provider.terraform-provider-vsphere_v2.8.1_x5: 2025/06/09 10:31:01 [DEBUG] Datastore with ID "datastore-1025" found: timestamp="2025-06-09T10:31:01.647+0330"
2025-06-09T10:31:01.647+0330 [INFO]  provider.terraform-provider-vsphere_v2.8.1_x5: 2025/06/09 10:31:01 [DEBUG] Creating virtual machine "/DC-1/vm/saleh-02-test": timestamp="2025-06-09T10:31:01.647+0330"
2025-06-09T10:31:01.647+0330 [INFO]  provider.terraform-provider-vsphere_v2.8.1_x5: 2025/06/09 10:31:01 [DEBUG] Locating vApp container with ID resgroup-1020: timestamp="2025-06-09T10:31:01.647+0330"
2025-06-09T10:31:02.766+0330 [INFO]  provider.terraform-provider-vsphere_v2.8.1_x5: 2025/06/09 10:31:02 [DEBUG] Virtual machine "/DC-1/vm/saleh-02-test": creation complete (MOID: "vm-20092"): timestamp="2025-06-09T10:31:02.766+0330"
2025-06-09T10:31:02.772+0330 [INFO]  provider.terraform-provider-vsphere_v2.8.1_x5: 2025/06/09 10:31:02 [DEBUG] Fetching properties for VM "/DC-1/vm/saleh-02-test": timestamp="2025-06-09T10:31:02.772+0330"
2025-06-09T10:31:02.784+0330 [INFO]  provider.terraform-provider-vsphere_v2.8.1_x5: 2025/06/09 10:31:02 [DEBUG] VM "/DC-1/vm/saleh-02-test" - UUID is "42336658-1cb8-eb62-c268-85a1f198f053": timestamp="2025-06-09T10:31:02.784+0330"
2025-06-09T10:31:02.784+0330 [INFO]  provider.terraform-provider-vsphere_v2.8.1_x5: 2025/06/09 10:31:02 [DEBUG] Powering on virtual machine "/DC-1/vm/saleh-02-test": timestamp="2025-06-09T10:31:02.784+0330"
2025-06-09T10:31:02.784+0330 [INFO]  provider.terraform-provider-vsphere_v2.8.1_x5: 2025/06/09 10:31:02 [DEBUG] blockUntilReadyForMethod: Going to block until "PowerOnVM_Task" is no longer in the Disabled Methods list for vm vm-20092: timestamp="2025-06-09T10:31:02.784+0330"
2025-06-09T10:31:02.784+0330 [INFO]  provider.terraform-provider-vsphere_v2.8.1_x5: 2025/06/09 10:31:02 [DEBUG] Fetching properties for VM "/DC-1/vm/saleh-02-test": timestamp="2025-06-09T10:31:02.784+0330"
2025-06-09T10:31:07.798+0330 [INFO]  provider.terraform-provider-vsphere_v2.8.1_x5: 2025/06/09 10:31:07 [DEBUG] blockUntilReadyForMethod: "PowerOnVM_Task" still disabled for vm vm-20092, about to check again: timestamp="2025-06-09T10:31:07.798+0330"
2025-06-09T10:31:07.798+0330 [INFO]  provider.terraform-provider-vsphere_v2.8.1_x5: 2025/06/09 10:31:07 [DEBUG] Fetching properties for VM "/DC-1/vm/saleh-02-test": timestamp="2025-06-09T10:31:07.798+0330"
2025-06-09T10:31:07.812+0330 [INFO]  provider.terraform-provider-vsphere_v2.8.1_x5: 2025/06/09 10:31:07 [DEBUG] blockUntilReadyForMethod: "PowerOnVM_Task" no longer disabled for vm vm-20092: timestamp="2025-06-09T10:31:07.811+0330"
2025-06-09T10:31:08.312+0330 [INFO]  provider.terraform-provider-vsphere_v2.8.1_x5: 2025/06/09 10:31:08 [DEBUG] Fetching properties for VM "/DC-1/vm/saleh-02-test": timestamp="2025-06-09T10:31:08.312+0330"
2025-06-09T10:31:08.324+0330 [INFO]  provider.terraform-provider-vsphere_v2.8.1_x5: 2025/06/09 10:31:08 [DEBUG] VM "/DC-1/vm/saleh-02-test" is powered off, attempting to power on.: timestamp="2025-06-09T10:31:08.324+0330"
2025-06-09T10:31:09.806+0330 [INFO]  provider.terraform-provider-vsphere_v2.8.1_x5: 2025/06/09 10:31:09 [DEBUG] PowerOn task for VM "/DC-1/vm/saleh-02-test" was successful.: timestamp="2025-06-09T10:31:09.806+0330"
2025-06-09T10:31:09.806+0330 [INFO]  provider.terraform-provider-vsphere_v2.8.1_x5: 2025/06/09 10:31:09 [DEBUG] Fetching properties for VM "/DC-1/vm/saleh-02-test": timestamp="2025-06-09T10:31:09.806+0330"
2025-06-09T10:31:09.823+0330 [INFO]  provider.terraform-provider-vsphere_v2.8.1_x5: 2025/06/09 10:31:09 [DEBUG] Skipping IP waiter for VM "/DC-1/vm/saleh-02-test": timestamp="2025-06-09T10:31:09.823+0330"
2025-06-09T10:31:09.823+0330 [INFO]  provider.terraform-provider-vsphere_v2.8.1_x5: 2025/06/09 10:31:09 [DEBUG] Skipping network waiter for VM "/DC-1/vm/saleh-02-test": timestamp="2025-06-09T10:31:09.823+0330"
2025-06-09T10:31:09.823+0330 [INFO]  provider.terraform-provider-vsphere_v2.8.1_x5: 2025/06/09 10:31:09 [DEBUG] vsphere_virtual_machine (ID = 42336658-1cb8-eb62-c268-85a1f198f053): Create complete: timestamp="2025-06-09T10:31:09.823+0330"
2025-06-09T10:31:09.823+0330 [INFO]  provider.terraform-provider-vsphere_v2.8.1_x5: 2025/06/09 10:31:09 [DEBUG] vsphere_virtual_machine (ID = 42336658-1cb8-eb62-c268-85a1f198f053): Reading state of virtual machine: timestamp="2025-06-09T10:31:09.823+0330"
2025-06-09T10:31:09.823+0330 [INFO]  provider.terraform-provider-vsphere_v2.8.1_x5: 2025/06/09 10:31:09 [DEBUG] Locating virtual machine with UUID "42336658-1cb8-eb62-c268-85a1f198f053": timestamp="2025-06-09T10:31:09.823+0330"
2025-06-09T10:31:09.823+0330 [INFO]  provider.terraform-provider-vsphere_v2.8.1_x5: 2025/06/09 10:31:09 [DEBUG] Using SearchIndex to look up UUID "42336658-1cb8-eb62-c268-85a1f198f053": timestamp="2025-06-09T10:31:09.823+0330"
2025-06-09T10:31:09.832+0330 [INFO]  provider.terraform-provider-vsphere_v2.8.1_x5: 2025/06/09 10:31:09 [DEBUG] VM "/DC-1/vm/saleh-02-test" found for UUID "42336658-1cb8-eb62-c268-85a1f198f053": timestamp="2025-06-09T10:31:09.832+0330"
2025-06-09T10:31:09.832+0330 [INFO]  provider.terraform-provider-vsphere_v2.8.1_x5: 2025/06/09 10:31:09 [DEBUG] Fetching properties for VM "/DC-1/vm/saleh-02-test": timestamp="2025-06-09T10:31:09.832+0330"
2025-06-09T10:31:09.846+0330 [INFO]  provider.terraform-provider-vsphere_v2.8.1_x5: 2025/06/09 10:31:09 [DEBUG] MOID for VM "/DC-1/vm/saleh-02-test" is "vm-20092": timestamp="2025-06-09T10:31:09.846+0330"
2025-06-09T10:31:09.846+0330 [INFO]  provider.terraform-provider-vsphere_v2.8.1_x5: 2025/06/09 10:31:09 [DEBUG] Locating vApp container with ID resgroup-1020: timestamp="2025-06-09T10:31:09.846+0330"
2025-06-09T10:31:09.856+0330 [INFO]  provider.terraform-provider-vsphere_v2.8.1_x5: 2025/06/09 10:31:09 [DEBUG] Locating datastore with ID "datastore-1025": timestamp="2025-06-09T10:31:09.856+0330"
2025-06-09T10:31:09.860+0330 [INFO]  provider.terraform-provider-vsphere_v2.8.1_x5: 2025/06/09 10:31:09 [DEBUG] Datastore with ID "datastore-1025" found: timestamp="2025-06-09T10:31:09.860+0330"
2025-06-09T10:31:09.871+0330 [INFO]  provider.terraform-provider-vsphere_v2.8.1_x5: 2025/06/09 10:31:09 [DEBUG] queryAssociatedProfile: Retrieving storage policy of server object of type [virtualMachine] and key [vm-20092].: timestamp="2025-06-09T10:31:09.871+0330"
2025-06-09T10:31:09.910+0330 [INFO]  provider.terraform-provider-vsphere_v2.8.1_x5: 2025/06/09 10:31:09 [DEBUG] ReadSCSIBusType: SCSI controller layout for first 1 controllers: pvscsi-1000: timestamp="2025-06-09T10:31:09.910+0330"
2025-06-09T10:31:09.910+0330 [INFO]  provider.terraform-provider-vsphere_v2.8.1_x5: 2025/06/09 10:31:09 [DEBUG] ReadSCSIBusSharing: SCSI controller layout for first 1 controllers: pvscsi-1000: timestamp="2025-06-09T10:31:09.910+0330"
2025-06-09T10:31:09.910+0330 [INFO]  provider.terraform-provider-vsphere_v2.8.1_x5: 2025/06/09 10:31:09 [DEBUG] DiskRefreshOperation: Beginning refresh: timestamp="2025-06-09T10:31:09.910+0330"
2025-06-09T10:31:09.910+0330 [INFO]  provider.terraform-provider-vsphere_v2.8.1_x5: 2025/06/09 10:31:09 [DEBUG] DiskRefreshOperation: Found controller "controller-1000" for device "disk-1000-0": timestamp="2025-06-09T10:31:09.910+0330"
2025-06-09T10:31:09.910+0330 [INFO]  provider.terraform-provider-vsphere_v2.8.1_x5: 2025/06/09 10:31:09 [DEBUG] DiskRefreshOperation: Disk devices located: disk-1000-0: timestamp="2025-06-09T10:31:09.910+0330"
2025-06-09T10:31:09.910+0330 [INFO]  provider.terraform-provider-vsphere_v2.8.1_x5: 2025/06/09 10:31:09 [DEBUG] DiskRefreshOperation: Current resource set from state: (key -202 at scsi:0:0): timestamp="2025-06-09T10:31:09.910+0330"
2025-06-09T10:31:09.910+0330 [INFO]  provider.terraform-provider-vsphere_v2.8.1_x5: 2025/06/09 10:31:09 [DEBUG] DiskRefreshOperation: Looking for freshly-created or re-assigned resources to read in: timestamp="2025-06-09T10:31:09.910+0330"
2025-06-09T10:31:09.910+0330 [INFO]  provider.terraform-provider-vsphere_v2.8.1_x5: 2025/06/09 10:31:09 [DEBUG] disk.0 (key -202 at scsi:0:0) (<unknown>): Reading state: timestamp="2025-06-09T10:31:09.910+0330"
2025-06-09T10:31:09.910+0330 [INFO]  provider.terraform-provider-vsphere_v2.8.1_x5: 2025/06/09 10:31:09 [DEBUG] FindVirtualDevice: Looking for device with address scsi:0:0: timestamp="2025-06-09T10:31:09.910+0330"
2025-06-09T10:31:09.910+0330 [INFO]  provider.terraform-provider-vsphere_v2.8.1_x5: 2025/06/09 10:31:09 [DEBUG] FindVirtualDevice: Device found: disk-1000-0: timestamp="2025-06-09T10:31:09.910+0330"
2025-06-09T10:31:09.910+0330 [INFO]  provider.terraform-provider-vsphere_v2.8.1_x5: 2025/06/09 10:31:09 [DEBUG] Locating virtual machine with UUID "42336658-1cb8-eb62-c268-85a1f198f053": timestamp="2025-06-09T10:31:09.910+0330"
2025-06-09T10:31:09.910+0330 [INFO]  provider.terraform-provider-vsphere_v2.8.1_x5: 2025/06/09 10:31:09 [DEBUG] Using SearchIndex to look up UUID "42336658-1cb8-eb62-c268-85a1f198f053": timestamp="2025-06-09T10:31:09.910+0330"
2025-06-09T10:31:09.919+0330 [INFO]  provider.terraform-provider-vsphere_v2.8.1_x5: 2025/06/09 10:31:09 [DEBUG] VM "/DC-1/vm/saleh-02-test" found for UUID "42336658-1cb8-eb62-c268-85a1f198f053": timestamp="2025-06-09T10:31:09.919+0330"
2025-06-09T10:31:09.922+0330 [INFO]  provider.terraform-provider-vsphere_v2.8.1_x5: 2025/06/09 10:31:09 [DEBUG] queryAssociatedProfile: Retrieving storage policy of server object of type [virtualDiskId] and key [vm-20092:2000].: timestamp="2025-06-09T10:31:09.922+0330"
2025-06-09T10:31:09.948+0330 [INFO]  provider.terraform-provider-vsphere_v2.8.1_x5: 2025/06/09 10:31:09 [DEBUG] disk.0 (key 2000 at scsi:0:0) (ae864668-b836-232e-8bc9-f40343df2030/saleh-02-test.vmdk): Read finished (key and device address may have changed): timestamp="2025-06-09T10:31:09.948+0330"
2025-06-09T10:31:09.948+0330 [INFO]  provider.terraform-provider-vsphere_v2.8.1_x5: 2025/06/09 10:31:09 [DEBUG] DiskRefreshOperation: Disk devices after created/re-assigned device search:: timestamp="2025-06-09T10:31:09.948+0330"
2025-06-09T10:31:09.948+0330 [INFO]  provider.terraform-provider-vsphere_v2.8.1_x5: 2025/06/09 10:31:09 [DEBUG] DiskRefreshOperation: Resource set to write after created/re-assigned device search: (key 2000 at scsi:0:0): timestamp="2025-06-09T10:31:09.948+0330"
2025-06-09T10:31:09.948+0330 [INFO]  provider.terraform-provider-vsphere_v2.8.1_x5: 2025/06/09 10:31:09 [DEBUG] DiskRefreshOperation: Looking for devices known in state: timestamp="2025-06-09T10:31:09.948+0330"
2025-06-09T10:31:09.948+0330 [INFO]  provider.terraform-provider-vsphere_v2.8.1_x5: 2025/06/09 10:31:09 [DEBUG] DiskRefreshOperation: Resource set to write after known device search: (key 2000 at scsi:0:0): timestamp="2025-06-09T10:31:09.948+0330"
2025-06-09T10:31:09.948+0330 [INFO]  provider.terraform-provider-vsphere_v2.8.1_x5: 2025/06/09 10:31:09 [DEBUG] DiskRefreshOperation: Probable orphaned disk devices:: timestamp="2025-06-09T10:31:09.948+0330"
2025-06-09T10:31:09.948+0330 [INFO]  provider.terraform-provider-vsphere_v2.8.1_x5: 2025/06/09 10:31:09 [DEBUG] DiskRefreshOperation: Adding orphaned devices: timestamp="2025-06-09T10:31:09.948+0330"
2025-06-09T10:31:09.948+0330 [INFO]  provider.terraform-provider-vsphere_v2.8.1_x5: 2025/06/09 10:31:09 [DEBUG] DiskRefreshOperation: Resource set to write after adding orphaned devices: (key 2000 at scsi:0:0): timestamp="2025-06-09T10:31:09.948+0330"
2025-06-09T10:31:09.948+0330 [INFO]  provider.terraform-provider-vsphere_v2.8.1_x5: 2025/06/09 10:31:09 [DEBUG] DiskRefreshOperation: Final (sorted) resource set to write: (key 2000 at scsi:0:0): timestamp="2025-06-09T10:31:09.948+0330"
2025-06-09T10:31:09.948+0330 [INFO]  provider.terraform-provider-vsphere_v2.8.1_x5: 2025/06/09 10:31:09 [DEBUG] DiskRefreshOperation: Refresh operation complete, sending new resource set: timestamp="2025-06-09T10:31:09.948+0330"
2025-06-09T10:31:09.948+0330 [INFO]  provider.terraform-provider-vsphere_v2.8.1_x5: 2025/06/09 10:31:09 [DEBUG] NetworkInterfaceRefreshOperation: Beginning refresh: timestamp="2025-06-09T10:31:09.948+0330"
2025-06-09T10:31:09.948+0330 [INFO]  provider.terraform-provider-vsphere_v2.8.1_x5: 2025/06/09 10:31:09 [DEBUG] NetworkInterfaceRefreshOperation: Network devices located: ethernet-0: timestamp="2025-06-09T10:31:09.948+0330"
2025-06-09T10:31:09.948+0330 [INFO]  provider.terraform-provider-vsphere_v2.8.1_x5: 2025/06/09 10:31:09 [DEBUG] NetworkInterfaceRefreshOperation: Current resource set from state: (key -203 at pci:0:-1): timestamp="2025-06-09T10:31:09.948+0330"
2025-06-09T10:31:09.948+0330 [INFO]  provider.terraform-provider-vsphere_v2.8.1_x5: 2025/06/09 10:31:09 [DEBUG] NetworkInterfaceRefreshOperation: Looking for freshly-created resources to read in: timestamp="2025-06-09T10:31:09.948+0330"
2025-06-09T10:31:09.948+0330 [INFO]  provider.terraform-provider-vsphere_v2.8.1_x5: 2025/06/09 10:31:09 [DEBUG] NetworkInterfaceRefreshOperation: Network devices after freshly-created device search: ethernet-0: timestamp="2025-06-09T10:31:09.948+0330"
2025-06-09T10:31:09.948+0330 [INFO]  provider.terraform-provider-vsphere_v2.8.1_x5: 2025/06/09 10:31:09 [DEBUG] NetworkInterfaceRefreshOperation: Resource sets to write after known device search:: timestamp="2025-06-09T10:31:09.948+0330"
2025-06-09T10:31:09.948+0330 [INFO]  provider.terraform-provider-vsphere_v2.8.1_x5: 2025/06/09 10:31:09 [DEBUG] NetworkInterfaceRefreshOperation: Looking for devices known in state: timestamp="2025-06-09T10:31:09.948+0330"
2025-06-09T10:31:09.948+0330 [INFO]  provider.terraform-provider-vsphere_v2.8.1_x5: 2025/06/09 10:31:09 [DEBUG] network_interface.0 (key 4000 at pci:0:-1): Reading state: timestamp="2025-06-09T10:31:09.948+0330"
2025-06-09T10:31:09.948+0330 [INFO]  provider.terraform-provider-vsphere_v2.8.1_x5: 2025/06/09 10:31:09 [DEBUG] FindVirtualDevice: Looking for device with key 4000: timestamp="2025-06-09T10:31:09.948+0330"
2025-06-09T10:31:09.948+0330 [INFO]  provider.terraform-provider-vsphere_v2.8.1_x5: 2025/06/09 10:31:09 [DEBUG] FindVirtualDevice: Device found: ethernet-0: timestamp="2025-06-09T10:31:09.948+0330"
2025-06-09T10:31:09.957+0330 [INFO]  provider.terraform-provider-vsphere_v2.8.1_x5: 2025/06/09 10:31:09 [DEBUG] Read: Adapter type not SR-IOV: timestamp="2025-06-09T10:31:09.957+0330"
2025-06-09T10:31:09.957+0330 [INFO]  provider.terraform-provider-vsphere_v2.8.1_x5: 2025/06/09 10:31:09 [DEBUG] network_interface.0 (key 4000 at pci:0:7): Read finished (key and device address may have changed): timestamp="2025-06-09T10:31:09.957+0330"
2025-06-09T10:31:09.957+0330 [INFO]  provider.terraform-provider-vsphere_v2.8.1_x5: 2025/06/09 10:31:09 [DEBUG] NetworkInterfaceRefreshOperation: Resource sets to write after known device search: (key 4000 at pci:0:7): timestamp="2025-06-09T10:31:09.957+0330"
2025-06-09T10:31:09.957+0330 [INFO]  provider.terraform-provider-vsphere_v2.8.1_x5: 2025/06/09 10:31:09 [DEBUG] NetworkInterfaceRefreshOperation: Probable orphaned network interfaces:: timestamp="2025-06-09T10:31:09.957+0330"
2025-06-09T10:31:09.957+0330 [INFO]  provider.terraform-provider-vsphere_v2.8.1_x5: 2025/06/09 10:31:09 [DEBUG] NetworkInterfaceRefreshOperation: Adding orphaned devices: timestamp="2025-06-09T10:31:09.957+0330"
2025-06-09T10:31:09.957+0330 [INFO]  provider.terraform-provider-vsphere_v2.8.1_x5: 2025/06/09 10:31:09 [DEBUG] NetworkInterfaceRefreshOperation: 0 devices and a new set of length 1: timestamp="2025-06-09T10:31:09.957+0330"
2025-06-09T10:31:09.957+0330 [INFO]  provider.terraform-provider-vsphere_v2.8.1_x5: 2025/06/09 10:31:09 [DEBUG] NetworkInterfaceRefreshOperation: Resource set to write after adding orphaned devices: (key 4000 at pci:0:7): timestamp="2025-06-09T10:31:09.957+0330"
2025-06-09T10:31:09.957+0330 [INFO]  provider.terraform-provider-vsphere_v2.8.1_x5: 2025/06/09 10:31:09 [DEBUG] NetworkInterfaceRefreshOperation: Refresh operation complete, sending new resource set: timestamp="2025-06-09T10:31:09.957+0330"
2025-06-09T10:31:09.957+0330 [INFO]  provider.terraform-provider-vsphere_v2.8.1_x5: 2025/06/09 10:31:09 [DEBUG] CdromRefreshOperation: Beginning refresh: timestamp="2025-06-09T10:31:09.957+0330"
2025-06-09T10:31:09.957+0330 [INFO]  provider.terraform-provider-vsphere_v2.8.1_x5: 2025/06/09 10:31:09 [DEBUG] CdromRefreshOperation: CDROM devices located:: timestamp="2025-06-09T10:31:09.957+0330"
2025-06-09T10:31:09.957+0330 [INFO]  provider.terraform-provider-vsphere_v2.8.1_x5: 2025/06/09 10:31:09 [DEBUG] CdromRefreshOperation: Current resource set from state:: timestamp="2025-06-09T10:31:09.957+0330"
2025-06-09T10:31:09.957+0330 [INFO]  provider.terraform-provider-vsphere_v2.8.1_x5: 2025/06/09 10:31:09 [DEBUG] CdromRefreshOperation: Looking for freshly-created resources to read in: timestamp="2025-06-09T10:31:09.957+0330"
2025-06-09T10:31:09.957+0330 [INFO]  provider.terraform-provider-vsphere_v2.8.1_x5: 2025/06/09 10:31:09 [DEBUG] CdromRefreshOperation: CDROM devices after freshly-created device search:: timestamp="2025-06-09T10:31:09.957+0330"
2025-06-09T10:31:09.957+0330 [INFO]  provider.terraform-provider-vsphere_v2.8.1_x5: 2025/06/09 10:31:09 [DEBUG] CdromRefreshOperation: Resource set to write after freshly-created device search:: timestamp="2025-06-09T10:31:09.957+0330"
2025-06-09T10:31:09.957+0330 [INFO]  provider.terraform-provider-vsphere_v2.8.1_x5: 2025/06/09 10:31:09 [DEBUG] CdromRefreshOperation: Looking for devices known in state: timestamp="2025-06-09T10:31:09.957+0330"
2025-06-09T10:31:09.957+0330 [INFO]  provider.terraform-provider-vsphere_v2.8.1_x5: 2025/06/09 10:31:09 [DEBUG] CdromRefreshOperation: Resource set to write after known device search:: timestamp="2025-06-09T10:31:09.957+0330"
2025-06-09T10:31:09.957+0330 [INFO]  provider.terraform-provider-vsphere_v2.8.1_x5: 2025/06/09 10:31:09 [DEBUG] CdromRefreshOperation: Probable orphaned CDROM devices:: timestamp="2025-06-09T10:31:09.957+0330"
2025-06-09T10:31:09.957+0330 [INFO]  provider.terraform-provider-vsphere_v2.8.1_x5: 2025/06/09 10:31:09 [DEBUG] CdromRefreshOperation: Resource set to write after adding orphaned devices:: timestamp="2025-06-09T10:31:09.957+0330"
2025-06-09T10:31:09.957+0330 [INFO]  provider.terraform-provider-vsphere_v2.8.1_x5: 2025/06/09 10:31:09 [DEBUG] CdromRefreshOperation: Refresh operation complete, sending new resource set: timestamp="2025-06-09T10:31:09.957+0330"
2025-06-09T10:31:09.957+0330 [INFO]  provider.terraform-provider-vsphere_v2.8.1_x5: 2025/06/09 10:31:09 [DEBUG] Reading tags for object "vm-20092": timestamp="2025-06-09T10:31:09.957+0330"
2025-06-09T10:31:10.094+0330 [INFO]  provider.terraform-provider-vsphere_v2.8.1_x5: 2025/06/09 10:31:10 [DEBUG] Tags for object "vm-20092":: timestamp="2025-06-09T10:31:10.094+0330"
2025-06-09T10:31:10.095+0330 [INFO]  provider.terraform-provider-vsphere_v2.8.1_x5: 2025/06/09 10:31:10 [DEBUG] vsphere_virtual_machine (ID = 42336658-1cb8-eb62-c268-85a1f198f053): Checking guest networking state: timestamp="2025-06-09T10:31:10.094+0330"
2025-06-09T10:31:10.095+0330 [INFO]  provider.terraform-provider-vsphere_v2.8.1_x5: 2025/06/09 10:31:10 [DEBUG] vsphere_virtual_machine (ID = 42336658-1cb8-eb62-c268-85a1f198f053): No IP addresses found in guest state: timestamp="2025-06-09T10:31:10.094+0330"
2025-06-09T10:31:10.095+0330 [INFO]  provider.terraform-provider-vsphere_v2.8.1_x5: 2025/06/09 10:31:10 [DEBUG] vsphere_virtual_machine (ID = 42336658-1cb8-eb62-c268-85a1f198f053): Read complete: timestamp="2025-06-09T10:31:10.094+0330"
